<?xml version="1.0" encoding="UTF-8"?>
<!-- Generated by org.testng.reporters.JUnitXMLReporter -->
<testsuite ignored="0" hostname="LIN51014513" failures="0" tests="5" name="Default test" time="3.031" errors="0" timestamp="10 Aug 2021 18:35:15 GMT">
  <testcase classname="Testcases.Testcase" name="getmethod1" time="1.441"/>
  <testcase classname="Testcases.Testcase" name="getmethod2" time="0.328"/>
  <testcase classname="Testcases.Testcase" name="getmethod3" time="0.224"/>
  <testcase classname="Testcases.Testcase" name="getmethod4" time="0.765"/>
  <testcase classname="Testcases.Testcase" name="getmethod5" time="0.256"/>
</testsuite> <!-- Default test -->
