<?xml version="1.0" encoding="UTF-8"?>
<testng-results ignored="0" total="1" passed="1" failed="0" skipped="0">
  <reporter-output>
  </reporter-output>
  <suite started-at="2021-08-10T11:47:06 IST" name="Default suite" finished-at="2021-08-10T11:47:08 IST" duration-ms="1883">
    <groups>
    </groups>
    <test started-at="2021-08-10T11:47:06 IST" name="Default test" finished-at="2021-08-10T11:47:08 IST" duration-ms="1883">
      <class name="pathparameter.Pathparameter">
        <test-method is-config="true" signature="pathpara()[pri:0, instance:pathparameter.Pathparameter@4d5b6aac]" started-at="2021-08-10T11:47:06 IST" name="pathpara" finished-at="2021-08-10T11:47:07 IST" duration-ms="626" status="PASS">
          <reporter-output>
          </reporter-output>
        </test-method> <!-- pathpara -->
        <test-method signature="pathparameters()[pri:0, instance:pathparameter.Pathparameter@4d5b6aac]" started-at="2021-08-10T11:47:07 IST" name="pathparameters" finished-at="2021-08-10T11:47:08 IST" duration-ms="1227" status="PASS">
          <reporter-output>
          </reporter-output>
        </test-method> <!-- pathparameters -->
      </class> <!-- pathparameter.Pathparameter -->
    </test> <!-- Default test -->
  </suite> <!-- Default suite -->
</testng-results>
